1604881226.745216 client started (6718): version 3.1c, socket /private/tmp/tmux-501/default, protocol 8
1604881226.745265 on Darwin 19.6.0 Darwin Kernel Version 19.6.0: Mon Aug 31 22:12:52 PDT 2020; root:xnu-6153.141.2~1/RELEASE_X86_64; libevent 2.1.12-stable (select)
1604881226.745317 socket is /private/tmp/tmux-501/default
1604881226.745339 trying connect
1604881226.745440 add peer 0x7ff720048000: 6 (0x0)
1604881226.748031 sending message 100 to peer 0x7ff720048000 (4 bytes)
1604881226.748056 sending message 101 to peer 0x7ff720048000 (15 bytes)
1604881226.748069 sending message 102 to peer 0x7ff720048000 (13 bytes)
1604881226.748078 sending message 108 to peer 0x7ff720048000 (34 bytes)
1604881226.748098 sending message 104 to peer 0x7ff720048000 (0 bytes)
1604881226.748107 sending message 107 to peer 0x7ff720048000 (4 bytes)
1604881226.748115 sending message 105 to peer 0x7ff720048000 (60 bytes)
1604881226.748123 sending message 105 to peer 0x7ff720048000 (66 bytes)
1604881226.748131 sending message 105 to peer 0x7ff720048000 (27 bytes)
1604881226.748138 sending message 105 to peer 0x7ff720048000 (14 bytes)
1604881226.748146 sending message 105 to peer 0x7ff720048000 (22 bytes)
1604881226.748154 sending message 105 to peer 0x7ff720048000 (14 bytes)
1604881226.748161 sending message 105 to peer 0x7ff720048000 (17 bytes)
1604881226.748169 sending message 105 to peer 0x7ff720048000 (38 bytes)
1604881226.748177 sending message 105 to peer 0x7ff720048000 (15 bytes)
1604881226.748184 sending message 105 to peer 0x7ff720048000 (28 bytes)
1604881226.748192 sending message 105 to peer 0x7ff720048000 (23 bytes)
1604881226.748200 sending message 105 to peer 0x7ff720048000 (73 bytes)
1604881226.748207 sending message 105 to peer 0x7ff720048000 (19 bytes)
1604881226.748215 sending message 105 to peer 0x7ff720048000 (20 bytes)
1604881226.748223 sending message 105 to peer 0x7ff720048000 (20 bytes)
1604881226.748231 sending message 105 to peer 0x7ff720048000 (21 bytes)
1604881226.748238 sending message 105 to peer 0x7ff720048000 (57 bytes)
1604881226.748246 sending message 105 to peer 0x7ff720048000 (14 bytes)
1604881226.748254 sending message 105 to peer 0x7ff720048000 (19 bytes)
1604881226.748262 sending message 105 to peer 0x7ff720048000 (17 bytes)
1604881226.748269 sending message 105 to peer 0x7ff720048000 (61 bytes)
1604881226.748277 sending message 105 to peer 0x7ff720048000 (32 bytes)
1604881226.748285 sending message 105 to peer 0x7ff720048000 (8 bytes)
1604881226.748293 sending message 105 to peer 0x7ff720048000 (28 bytes)
1604881226.748300 sending message 105 to peer 0x7ff720048000 (16 bytes)
1604881226.748308 sending message 105 to peer 0x7ff720048000 (22 bytes)
1604881226.748316 sending message 106 to peer 0x7ff720048000 (0 bytes)
1604881226.748326 sending message 200 to peer 0x7ff720048000 (4 bytes)
1604881226.748334 client loop enter
1604881226.761070 peer 0x7ff720048000 message 207
1604881226.761103 sending message 208 to peer 0x7ff720048000 (0 bytes)
1604881226.761136 peer 0x7ff720048000 message 203
1604881226.761148 sending message 205 to peer 0x7ff720048000 (0 bytes)
1604881226.761331 peer 0x7ff720048000 message 204
1604881226.761356 client loop exit
